<?xml version="1.0" ?>
<testsuite errors="0" failures="0" name="FlaskApp-20200614205121" tests="3" time="0.019">
	<testcase classname="FlaskApp" name="test_hello" time="0.012"/>
	<testcase classname="FlaskApp" name="test_hello_index" time="0.006"/>
	<testcase classname="FlaskApp" name="test_hello_random" time="0.001"/>
	<system-out>
<![CDATA[]]>	</system-out>
	<system-err>
<![CDATA[]]>	</system-err>
</testsuite>
